2021-08-25 15:00:02,844 INFO o.a.j.u.JMeterUtils: Setting Locale to en_EN
2021-08-25 15:00:02,874 INFO o.a.j.JMeter: Loading user properties from: C:\Tools\apache-jmeter-5.4.1\apache-jmeter-5.4.1\bin\user.properties
2021-08-25 15:00:02,874 INFO o.a.j.JMeter: Loading system properties from: C:\Tools\apache-jmeter-5.4.1\apache-jmeter-5.4.1\bin\system.properties
2021-08-25 15:00:02,884 INFO o.a.j.JMeter: Copyright (c) 1998-2021 The Apache Software Foundation
2021-08-25 15:00:02,884 INFO o.a.j.JMeter: Version 5.4.1
2021-08-25 15:00:02,884 INFO o.a.j.JMeter: java.version=15.0.2
2021-08-25 15:00:02,884 INFO o.a.j.JMeter: java.vm.name=Java HotSpot(TM) 64-Bit Server VM
2021-08-25 15:00:02,884 INFO o.a.j.JMeter: os.name=Windows 10
2021-08-25 15:00:02,884 INFO o.a.j.JMeter: os.arch=amd64
2021-08-25 15:00:02,885 INFO o.a.j.JMeter: os.version=10.0
2021-08-25 15:00:02,885 INFO o.a.j.JMeter: file.encoding=Cp1252
2021-08-25 15:00:02,885 INFO o.a.j.JMeter: java.awt.headless=null
2021-08-25 15:00:02,885 INFO o.a.j.JMeter: Max memory     =1073741824
2021-08-25 15:00:02,885 INFO o.a.j.JMeter: Available Processors =12
2021-08-25 15:00:02,895 INFO o.a.j.JMeter: Default Locale=English (EN)
2021-08-25 15:00:02,896 INFO o.a.j.JMeter: JMeter  Locale=English (EN)
2021-08-25 15:00:02,896 INFO o.a.j.JMeter: JMeterHome=C:\Tools\apache-jmeter-5.4.1\apache-jmeter-5.4.1
2021-08-25 15:00:02,896 INFO o.a.j.JMeter: user.dir  =C:\Tools\group3_PrestaShop_project
2021-08-25 15:00:02,896 INFO o.a.j.JMeter: PWD       =C:\Tools\group3_PrestaShop_project
2021-08-25 15:00:02,905 INFO o.a.j.JMeter: IP: 192.168.1.42 Name: DESKTOP-FOM9K9E FullName: DESKTOP-FOM9K9E.mynet
2021-08-25 15:00:03,016 INFO o.a.j.JMeter: Setting LAF to: com.github.weisj.darklaf.DarkLaf:com.github.weisj.darklaf.theme.DarculaTheme
2021-08-25 15:00:03,756 INFO o.a.j.JMeter: Loaded icon properties from org/apache/jmeter/images/icon.properties
2021-08-25 15:00:05,107 INFO o.a.j.JMeter: Loading file: ThreadGroup.jmx
2021-08-25 15:00:05,109 INFO o.a.j.s.FileServer: Default base='C:\Tools\group3_PrestaShop_project'
2021-08-25 15:00:05,111 INFO o.a.j.s.FileServer: Set new base='C:\Tools\group3_PrestaShop_project'
2021-08-25 15:00:05,297 INFO o.a.j.s.SaveService: Testplan (JMX) version: 2.2. Testlog (JTL) version: 2.2
2021-08-25 15:00:05,323 INFO o.a.j.s.SaveService: Using SaveService properties version 5.0
2021-08-25 15:00:05,325 INFO o.a.j.s.SaveService: Using SaveService properties file encoding UTF-8
2021-08-25 15:00:05,328 INFO o.a.j.s.SaveService: Loading file: ThreadGroup.jmx
2021-08-25 15:00:05,356 INFO o.a.j.p.h.s.HTTPSamplerBase: Parser for text/html is org.apache.jmeter.protocol.http.parser.LagartoBasedHtmlParser
2021-08-25 15:00:05,356 INFO o.a.j.p.h.s.HTTPSamplerBase: Parser for application/xhtml+xml is org.apache.jmeter.protocol.http.parser.LagartoBasedHtmlParser
2021-08-25 15:00:05,356 INFO o.a.j.p.h.s.HTTPSamplerBase: Parser for application/xml is org.apache.jmeter.protocol.http.parser.LagartoBasedHtmlParser
2021-08-25 15:00:05,356 INFO o.a.j.p.h.s.HTTPSamplerBase: Parser for text/xml is org.apache.jmeter.protocol.http.parser.LagartoBasedHtmlParser
2021-08-25 15:00:05,356 INFO o.a.j.p.h.s.HTTPSamplerBase: Parser for text/vnd.wap.wml is org.apache.jmeter.protocol.http.parser.RegexpHTMLParser
2021-08-25 15:00:05,356 INFO o.a.j.p.h.s.HTTPSamplerBase: Parser for text/css is org.apache.jmeter.protocol.http.parser.CssParser
2021-08-25 15:00:05,394 INFO o.a.j.s.FileServer: Set new base='C:\Tools\group3_PrestaShop_project'
2021-08-25 15:00:05,590 INFO o.a.j.s.SampleResult: Note: Sample TimeStamps are START times
2021-08-25 15:00:05,590 INFO o.a.j.s.SampleResult: sampleresult.default.encoding is set to ISO-8859-1
2021-08-25 15:00:05,590 INFO o.a.j.s.SampleResult: sampleresult.useNanoTime=true
2021-08-25 15:00:05,590 INFO o.a.j.s.SampleResult: sampleresult.nanoThreadSleep=5000
2021-08-25 15:00:05,723 INFO o.a.j.v.ViewResultsFullVisualizer: Add JavaFX to your Java installation if you want to use renderer: org.apache.jmeter.visualizers.RenderInBrowser
2021-08-25 15:00:05,818 INFO o.a.j.v.ViewResultsFullVisualizer: Add JavaFX to your Java installation if you want to use renderer: org.apache.jmeter.visualizers.RenderInBrowser
2021-08-25 15:00:05,886 INFO o.a.j.v.ViewResultsFullVisualizer: Add JavaFX to your Java installation if you want to use renderer: org.apache.jmeter.visualizers.RenderInBrowser
2021-08-25 15:00:05,964 INFO o.a.j.v.ViewResultsFullVisualizer: Add JavaFX to your Java installation if you want to use renderer: org.apache.jmeter.visualizers.RenderInBrowser
2021-08-25 15:00:20,555 INFO o.a.j.e.StandardJMeterEngine: Running the test!
2021-08-25 15:00:20,556 INFO o.a.j.s.SampleEvent: List of sample_variables: []
2021-08-25 15:00:20,556 INFO o.a.j.s.SampleEvent: List of sample_variables: []
2021-08-25 15:00:20,557 INFO o.a.j.e.u.CompoundVariable: Note: Function class names must contain the string: '.functions.'
2021-08-25 15:00:20,557 INFO o.a.j.e.u.CompoundVariable: Note: Function class names must not contain the string: '.gui.'
2021-08-25 15:00:20,587 INFO o.a.j.g.u.JMeterMenuBar: setRunning(true, *local*)
2021-08-25 15:00:20,600 INFO o.a.j.e.StandardJMeterEngine: Starting ThreadGroup: 1 : JmeterFile
2021-08-25 15:00:20,600 INFO o.a.j.e.StandardJMeterEngine: Starting 100 threads for group JmeterFile.
2021-08-25 15:00:20,600 INFO o.a.j.e.StandardJMeterEngine: Thread will continue on error
2021-08-25 15:00:20,600 INFO o.a.j.t.ThreadGroup: Starting thread group... number=1 threads=100 ramp-up=1 delayedStart=false
2021-08-25 15:00:20,605 INFO o.a.j.t.JMeterThread: Thread started: JmeterFile 1-1
2021-08-25 15:00:20,613 INFO o.a.j.t.JMeterThread: Thread started: JmeterFile 1-2
2021-08-25 15:00:20,622 INFO o.a.j.p.h.s.HTTPHCAbstractImpl: Local host = DESKTOP-FOM9K9E
2021-08-25 15:00:20,624 INFO o.a.j.t.JMeterThread: Thread started: JmeterFile 1-3
2021-08-25 15:00:20,628 INFO o.a.j.p.h.s.HTTPHC4Impl: HTTP request retry count = 0
2021-08-25 15:00:20,634 INFO o.a.j.t.JMeterThread: Thread started: JmeterFile 1-4
2021-08-25 15:00:20,644 INFO o.a.j.t.JMeterThread: Thread started: JmeterFile 1-5
2021-08-25 15:00:20,652 INFO o.a.j.t.ThreadGroup: Started thread group number 1
2021-08-25 15:00:20,652 INFO o.a.j.e.StandardJMeterEngine: All thread groups have been started
2021-08-25 15:00:20,653 INFO o.a.j.t.JMeterThread: Thread started: JmeterFile 1-6
2021-08-25 15:00:20,665 INFO o.a.j.t.JMeterThread: Thread started: JmeterFile 1-7
2021-08-25 15:00:20,673 INFO o.a.j.t.JMeterThread: Thread started: JmeterFile 1-8
2021-08-25 15:00:20,684 INFO o.a.j.t.JMeterThread: Thread started: JmeterFile 1-9
2021-08-25 15:00:20,693 INFO o.a.j.t.JMeterThread: Thread started: JmeterFile 1-10
2021-08-25 15:00:20,701 INFO o.a.j.t.JMeterThread: Thread started: JmeterFile 1-11
2021-08-25 15:00:20,713 INFO o.a.j.t.JMeterThread: Thread started: JmeterFile 1-12
2021-08-25 15:00:20,723 INFO o.a.j.t.JMeterThread: Thread started: JmeterFile 1-13
2021-08-25 15:00:20,732 INFO o.a.j.t.JMeterThread: Thread started: JmeterFile 1-14
2021-08-25 15:00:20,743 INFO o.a.j.t.JMeterThread: Thread started: JmeterFile 1-15
2021-08-25 15:00:20,752 INFO o.a.j.t.JMeterThread: Thread started: JmeterFile 1-16
2021-08-25 15:00:20,765 INFO o.a.j.t.JMeterThread: Thread started: JmeterFile 1-17
2021-08-25 15:00:20,773 INFO o.a.j.t.JMeterThread: Thread started: JmeterFile 1-18
2021-08-25 15:00:20,783 INFO o.a.j.t.JMeterThread: Thread started: JmeterFile 1-19
2021-08-25 15:00:20,791 INFO o.a.j.t.JMeterThread: Thread started: JmeterFile 1-20
2021-08-25 15:00:20,804 INFO o.a.j.t.JMeterThread: Thread started: JmeterFile 1-21
2021-08-25 15:00:20,812 INFO o.a.j.t.JMeterThread: Thread started: JmeterFile 1-22
2021-08-25 15:00:20,823 INFO o.a.j.t.JMeterThread: Thread started: JmeterFile 1-23
2021-08-25 15:00:20,833 INFO o.a.j.t.JMeterThread: Thread started: JmeterFile 1-24
2021-08-25 15:00:20,842 INFO o.a.j.t.JMeterThread: Thread started: JmeterFile 1-25
2021-08-25 15:00:20,854 INFO o.a.j.t.JMeterThread: Thread started: JmeterFile 1-26
2021-08-25 15:00:20,863 INFO o.a.j.t.JMeterThread: Thread started: JmeterFile 1-27
2021-08-25 15:00:20,874 INFO o.a.j.t.JMeterThread: Thread started: JmeterFile 1-28
2021-08-25 15:00:20,884 INFO o.a.j.t.JMeterThread: Thread started: JmeterFile 1-29
2021-08-25 15:00:20,893 INFO o.a.j.t.JMeterThread: Thread started: JmeterFile 1-30
2021-08-25 15:00:20,904 INFO o.a.j.t.JMeterThread: Thread started: JmeterFile 1-31
2021-08-25 15:00:20,913 INFO o.a.j.t.JMeterThread: Thread started: JmeterFile 1-32
2021-08-25 15:00:20,924 INFO o.a.j.t.JMeterThread: Thread started: JmeterFile 1-33
2021-08-25 15:00:20,934 INFO o.a.j.t.JMeterThread: Thread started: JmeterFile 1-34
2021-08-25 15:00:20,945 INFO o.a.j.t.JMeterThread: Thread started: JmeterFile 1-35
2021-08-25 15:00:20,952 INFO o.a.j.t.JMeterThread: Thread started: JmeterFile 1-36
2021-08-25 15:00:20,963 INFO o.a.j.t.JMeterThread: Thread started: JmeterFile 1-37
2021-08-25 15:00:20,973 INFO o.a.j.t.JMeterThread: Thread started: JmeterFile 1-38
2021-08-25 15:00:20,983 INFO o.a.j.t.JMeterThread: Thread started: JmeterFile 1-39
2021-08-25 15:00:20,994 INFO o.a.j.t.JMeterThread: Thread started: JmeterFile 1-40
2021-08-25 15:00:21,003 INFO o.a.j.t.JMeterThread: Thread started: JmeterFile 1-41
2021-08-25 15:00:21,012 INFO o.a.j.t.JMeterThread: Thread started: JmeterFile 1-42
2021-08-25 15:00:21,022 INFO o.a.j.t.JMeterThread: Thread started: JmeterFile 1-43
2021-08-25 15:00:21,034 INFO o.a.j.t.JMeterThread: Thread started: JmeterFile 1-44
2021-08-25 15:00:21,041 INFO o.a.j.t.JMeterThread: Thread started: JmeterFile 1-45
2021-08-25 15:00:21,053 INFO o.a.j.t.JMeterThread: Thread started: JmeterFile 1-46
2021-08-25 15:00:21,061 INFO o.a.j.t.JMeterThread: Thread started: JmeterFile 1-47
2021-08-25 15:00:21,075 INFO o.a.j.t.JMeterThread: Thread started: JmeterFile 1-48
2021-08-25 15:00:21,081 INFO o.a.j.t.JMeterThread: Thread started: JmeterFile 1-49
2021-08-25 15:00:21,093 INFO o.a.j.t.JMeterThread: Thread started: JmeterFile 1-50
2021-08-25 15:00:21,101 INFO o.a.j.t.JMeterThread: Thread started: JmeterFile 1-51
2021-08-25 15:00:21,112 INFO o.a.j.t.JMeterThread: Thread started: JmeterFile 1-52
2021-08-25 15:00:21,122 INFO o.a.j.t.JMeterThread: Thread started: JmeterFile 1-53
2021-08-25 15:00:21,132 INFO o.a.j.t.JMeterThread: Thread started: JmeterFile 1-54
2021-08-25 15:00:21,143 INFO o.a.j.t.JMeterThread: Thread started: JmeterFile 1-55
2021-08-25 15:00:21,154 INFO o.a.j.t.JMeterThread: Thread started: JmeterFile 1-56
2021-08-25 15:00:21,162 INFO o.a.j.t.JMeterThread: Thread started: JmeterFile 1-57
2021-08-25 15:00:21,174 INFO o.a.j.t.JMeterThread: Thread started: JmeterFile 1-58
2021-08-25 15:00:21,182 INFO o.a.j.t.JMeterThread: Thread started: JmeterFile 1-59
2021-08-25 15:00:21,194 INFO o.a.j.t.JMeterThread: Thread started: JmeterFile 1-60
2021-08-25 15:00:21,202 INFO o.a.j.t.JMeterThread: Thread started: JmeterFile 1-61
2021-08-25 15:00:21,213 INFO o.a.j.t.JMeterThread: Thread started: JmeterFile 1-62
2021-08-25 15:00:21,222 INFO o.a.j.t.JMeterThread: Thread started: JmeterFile 1-63
2021-08-25 15:00:21,232 INFO o.a.j.t.JMeterThread: Thread started: JmeterFile 1-64
2021-08-25 15:00:21,243 INFO o.a.j.t.JMeterThread: Thread started: JmeterFile 1-65
2021-08-25 15:00:21,252 INFO o.a.j.t.JMeterThread: Thread started: JmeterFile 1-66
2021-08-25 15:00:21,263 INFO o.a.j.t.JMeterThread: Thread started: JmeterFile 1-67
2021-08-25 15:00:21,272 INFO o.a.j.t.JMeterThread: Thread started: JmeterFile 1-68
2021-08-25 15:00:21,283 INFO o.a.j.t.JMeterThread: Thread started: JmeterFile 1-69
2021-08-25 15:00:21,292 INFO o.a.j.t.JMeterThread: Thread started: JmeterFile 1-70
2021-08-25 15:00:21,304 INFO o.a.j.t.JMeterThread: Thread started: JmeterFile 1-71
2021-08-25 15:00:21,312 INFO o.a.j.t.JMeterThread: Thread started: JmeterFile 1-72
2021-08-25 15:00:21,322 INFO o.a.j.t.JMeterThread: Thread started: JmeterFile 1-73
2021-08-25 15:00:21,334 INFO o.a.j.t.JMeterThread: Thread started: JmeterFile 1-74
2021-08-25 15:00:21,342 INFO o.a.j.t.JMeterThread: Thread started: JmeterFile 1-75
2021-08-25 15:00:21,353 INFO o.a.j.t.JMeterThread: Thread started: JmeterFile 1-76
2021-08-25 15:00:21,362 INFO o.a.j.t.JMeterThread: Thread started: JmeterFile 1-77
2021-08-25 15:00:21,372 INFO o.a.j.t.JMeterThread: Thread started: JmeterFile 1-78
2021-08-25 15:00:21,383 INFO o.a.j.t.JMeterThread: Thread started: JmeterFile 1-79
2021-08-25 15:00:21,393 INFO o.a.j.t.JMeterThread: Thread started: JmeterFile 1-80
2021-08-25 15:00:21,402 INFO o.a.j.t.JMeterThread: Thread started: JmeterFile 1-81
2021-08-25 15:00:21,413 INFO o.a.j.t.JMeterThread: Thread started: JmeterFile 1-82
2021-08-25 15:00:21,424 INFO o.a.j.t.JMeterThread: Thread started: JmeterFile 1-83
2021-08-25 15:00:21,433 INFO o.a.j.t.JMeterThread: Thread started: JmeterFile 1-84
2021-08-25 15:00:21,441 INFO o.a.j.t.JMeterThread: Thread started: JmeterFile 1-85
2021-08-25 15:00:21,453 INFO o.a.j.t.JMeterThread: Thread started: JmeterFile 1-86
2021-08-25 15:00:21,462 INFO o.a.j.t.JMeterThread: Thread started: JmeterFile 1-87
2021-08-25 15:00:21,471 INFO o.a.j.t.JMeterThread: Thread started: JmeterFile 1-88
2021-08-25 15:00:21,482 INFO o.a.j.t.JMeterThread: Thread started: JmeterFile 1-89
2021-08-25 15:00:21,492 INFO o.a.j.t.JMeterThread: Thread started: JmeterFile 1-90
2021-08-25 15:00:21,503 INFO o.a.j.t.JMeterThread: Thread started: JmeterFile 1-91
2021-08-25 15:00:21,514 INFO o.a.j.t.JMeterThread: Thread started: JmeterFile 1-92
2021-08-25 15:00:21,525 INFO o.a.j.t.JMeterThread: Thread started: JmeterFile 1-93
2021-08-25 15:00:21,532 INFO o.a.j.t.JMeterThread: Thread started: JmeterFile 1-94
2021-08-25 15:00:21,542 INFO o.a.j.t.JMeterThread: Thread started: JmeterFile 1-95
2021-08-25 15:00:21,552 INFO o.a.j.t.JMeterThread: Thread started: JmeterFile 1-96
2021-08-25 15:00:21,563 INFO o.a.j.t.JMeterThread: Thread started: JmeterFile 1-97
2021-08-25 15:00:21,572 INFO o.a.j.t.JMeterThread: Thread started: JmeterFile 1-98
2021-08-25 15:00:21,581 INFO o.a.j.t.JMeterThread: Thread started: JmeterFile 1-99
2021-08-25 15:00:21,592 INFO o.a.j.t.JMeterThread: Thread started: JmeterFile 1-100
2021-08-25 15:00:51,839 INFO o.a.j.t.JMeterThread: Thread is done: JmeterFile 1-4
2021-08-25 15:00:51,840 INFO o.a.j.t.JMeterThread: Thread finished: JmeterFile 1-4
2021-08-25 15:00:52,005 INFO o.a.j.t.JMeterThread: Thread is done: JmeterFile 1-12
2021-08-25 15:00:52,005 INFO o.a.j.t.JMeterThread: Thread finished: JmeterFile 1-12
2021-08-25 15:00:52,021 INFO o.a.j.t.JMeterThread: Thread is done: JmeterFile 1-9
2021-08-25 15:00:52,021 INFO o.a.j.t.JMeterThread: Thread finished: JmeterFile 1-9
2021-08-25 15:00:52,036 INFO o.a.j.t.JMeterThread: Thread is done: JmeterFile 1-14
2021-08-25 15:00:52,036 INFO o.a.j.t.JMeterThread: Thread is done: JmeterFile 1-5
2021-08-25 15:00:52,036 INFO o.a.j.t.JMeterThread: Thread finished: JmeterFile 1-14
2021-08-25 15:00:52,036 INFO o.a.j.t.JMeterThread: Thread finished: JmeterFile 1-5
2021-08-25 15:00:52,237 INFO o.a.j.t.JMeterThread: Thread is done: JmeterFile 1-7
2021-08-25 15:00:52,237 INFO o.a.j.t.JMeterThread: Thread finished: JmeterFile 1-7
2021-08-25 15:00:52,255 INFO o.a.j.t.JMeterThread: Thread is done: JmeterFile 1-15
2021-08-25 15:00:52,255 INFO o.a.j.t.JMeterThread: Thread finished: JmeterFile 1-15
2021-08-25 15:00:52,319 INFO o.a.j.t.JMeterThread: Thread is done: JmeterFile 1-2
2021-08-25 15:00:52,319 INFO o.a.j.t.JMeterThread: Thread finished: JmeterFile 1-2
2021-08-25 15:00:52,331 INFO o.a.j.t.JMeterThread: Thread is done: JmeterFile 1-8
2021-08-25 15:00:52,332 INFO o.a.j.t.JMeterThread: Thread finished: JmeterFile 1-8
2021-08-25 15:00:52,335 INFO o.a.j.t.JMeterThread: Thread is done: JmeterFile 1-1
2021-08-25 15:00:52,336 INFO o.a.j.t.JMeterThread: Thread finished: JmeterFile 1-1
2021-08-25 15:00:52,344 INFO o.a.j.t.JMeterThread: Thread is done: JmeterFile 1-13
2021-08-25 15:00:52,345 INFO o.a.j.t.JMeterThread: Thread finished: JmeterFile 1-13
2021-08-25 15:00:52,395 INFO o.a.j.t.JMeterThread: Thread is done: JmeterFile 1-10
2021-08-25 15:00:52,395 INFO o.a.j.t.JMeterThread: Thread finished: JmeterFile 1-10
2021-08-25 15:00:52,414 INFO o.a.j.t.JMeterThread: Thread is done: JmeterFile 1-3
2021-08-25 15:00:52,414 INFO o.a.j.t.JMeterThread: Thread finished: JmeterFile 1-3
2021-08-25 15:00:52,461 INFO o.a.j.t.JMeterThread: Thread is done: JmeterFile 1-6
2021-08-25 15:00:52,461 INFO o.a.j.t.JMeterThread: Thread finished: JmeterFile 1-6
2021-08-25 15:00:52,486 INFO o.a.j.t.JMeterThread: Thread is done: JmeterFile 1-11
2021-08-25 15:00:52,486 INFO o.a.j.t.JMeterThread: Thread finished: JmeterFile 1-11
2021-08-25 15:00:52,488 INFO o.a.j.t.JMeterThread: Thread is done: JmeterFile 1-24
2021-08-25 15:00:52,488 INFO o.a.j.t.JMeterThread: Thread finished: JmeterFile 1-24
2021-08-25 15:00:52,492 INFO o.a.j.t.JMeterThread: Thread is done: JmeterFile 1-18
2021-08-25 15:00:52,492 INFO o.a.j.t.JMeterThread: Thread finished: JmeterFile 1-18
2021-08-25 15:00:52,546 INFO o.a.j.t.JMeterThread: Thread is done: JmeterFile 1-29
2021-08-25 15:00:52,546 INFO o.a.j.t.JMeterThread: Thread finished: JmeterFile 1-29
2021-08-25 15:00:52,549 INFO o.a.j.t.JMeterThread: Thread is done: JmeterFile 1-32
2021-08-25 15:00:52,549 INFO o.a.j.t.JMeterThread: Thread finished: JmeterFile 1-32
2021-08-25 15:00:52,567 INFO o.a.j.t.JMeterThread: Thread is done: JmeterFile 1-19
2021-08-25 15:00:52,567 INFO o.a.j.t.JMeterThread: Thread finished: JmeterFile 1-19
2021-08-25 15:00:52,575 INFO o.a.j.t.JMeterThread: Thread is done: JmeterFile 1-16
2021-08-25 15:00:52,575 INFO o.a.j.t.JMeterThread: Thread finished: JmeterFile 1-16
2021-08-25 15:00:52,601 INFO o.a.j.t.JMeterThread: Thread is done: JmeterFile 1-23
2021-08-25 15:00:52,601 INFO o.a.j.t.JMeterThread: Thread finished: JmeterFile 1-23
2021-08-25 15:00:52,605 INFO o.a.j.t.JMeterThread: Thread is done: JmeterFile 1-17
2021-08-25 15:00:52,605 INFO o.a.j.t.JMeterThread: Thread finished: JmeterFile 1-17
2021-08-25 15:00:52,619 INFO o.a.j.t.JMeterThread: Thread is done: JmeterFile 1-22
2021-08-25 15:00:52,619 INFO o.a.j.t.JMeterThread: Thread finished: JmeterFile 1-22
2021-08-25 15:00:52,645 INFO o.a.j.t.JMeterThread: Thread is done: JmeterFile 1-21
2021-08-25 15:00:52,645 INFO o.a.j.t.JMeterThread: Thread finished: JmeterFile 1-21
2021-08-25 15:00:52,708 INFO o.a.j.t.JMeterThread: Thread is done: JmeterFile 1-26
2021-08-25 15:00:52,708 INFO o.a.j.t.JMeterThread: Thread finished: JmeterFile 1-26
2021-08-25 15:00:52,765 INFO o.a.j.t.JMeterThread: Thread is done: JmeterFile 1-31
2021-08-25 15:00:52,765 INFO o.a.j.t.JMeterThread: Thread finished: JmeterFile 1-31
2021-08-25 15:00:52,767 INFO o.a.j.t.JMeterThread: Thread is done: JmeterFile 1-33
2021-08-25 15:00:52,767 INFO o.a.j.t.JMeterThread: Thread finished: JmeterFile 1-33
2021-08-25 15:00:52,772 INFO o.a.j.t.JMeterThread: Thread is done: JmeterFile 1-20
2021-08-25 15:00:52,772 INFO o.a.j.t.JMeterThread: Thread finished: JmeterFile 1-20
2021-08-25 15:00:52,789 INFO o.a.j.t.JMeterThread: Thread is done: JmeterFile 1-37
2021-08-25 15:00:52,789 INFO o.a.j.t.JMeterThread: Thread finished: JmeterFile 1-37
2021-08-25 15:00:52,839 INFO o.a.j.t.JMeterThread: Thread is done: JmeterFile 1-34
2021-08-25 15:00:52,839 INFO o.a.j.t.JMeterThread: Thread finished: JmeterFile 1-34
2021-08-25 15:00:52,845 INFO o.a.j.t.JMeterThread: Thread is done: JmeterFile 1-27
2021-08-25 15:00:52,845 INFO o.a.j.t.JMeterThread: Thread finished: JmeterFile 1-27
2021-08-25 15:00:52,854 INFO o.a.j.t.JMeterThread: Thread is done: JmeterFile 1-28
2021-08-25 15:00:52,854 INFO o.a.j.t.JMeterThread: Thread finished: JmeterFile 1-28
2021-08-25 15:00:52,863 INFO o.a.j.t.JMeterThread: Thread is done: JmeterFile 1-38
2021-08-25 15:00:52,863 INFO o.a.j.t.JMeterThread: Thread finished: JmeterFile 1-38
2021-08-25 15:00:52,877 INFO o.a.j.t.JMeterThread: Thread is done: JmeterFile 1-43
2021-08-25 15:00:52,877 INFO o.a.j.t.JMeterThread: Thread finished: JmeterFile 1-43
2021-08-25 15:00:52,880 INFO o.a.j.t.JMeterThread: Thread is done: JmeterFile 1-46
2021-08-25 15:00:52,881 INFO o.a.j.t.JMeterThread: Thread finished: JmeterFile 1-46
2021-08-25 15:00:52,918 INFO o.a.j.t.JMeterThread: Thread is done: JmeterFile 1-40
2021-08-25 15:00:52,918 INFO o.a.j.t.JMeterThread: Thread finished: JmeterFile 1-40
2021-08-25 15:00:52,923 INFO o.a.j.t.JMeterThread: Thread is done: JmeterFile 1-36
2021-08-25 15:00:52,923 INFO o.a.j.t.JMeterThread: Thread finished: JmeterFile 1-36
2021-08-25 15:00:52,963 INFO o.a.j.t.JMeterThread: Thread is done: JmeterFile 1-30
2021-08-25 15:00:52,964 INFO o.a.j.t.JMeterThread: Thread finished: JmeterFile 1-30
2021-08-25 15:00:52,965 INFO o.a.j.t.JMeterThread: Thread is done: JmeterFile 1-25
2021-08-25 15:00:52,965 INFO o.a.j.t.JMeterThread: Thread finished: JmeterFile 1-25
2021-08-25 15:00:53,036 INFO o.a.j.t.JMeterThread: Thread is done: JmeterFile 1-35
2021-08-25 15:00:53,036 INFO o.a.j.t.JMeterThread: Thread finished: JmeterFile 1-35
2021-08-25 15:00:53,054 INFO o.a.j.t.JMeterThread: Thread is done: JmeterFile 1-39
2021-08-25 15:00:53,054 INFO o.a.j.t.JMeterThread: Thread finished: JmeterFile 1-39
2021-08-25 15:00:53,060 INFO o.a.j.t.JMeterThread: Thread is done: JmeterFile 1-50
2021-08-25 15:00:53,060 INFO o.a.j.t.JMeterThread: Thread finished: JmeterFile 1-50
2021-08-25 15:00:53,067 INFO o.a.j.t.JMeterThread: Thread is done: JmeterFile 1-51
2021-08-25 15:00:53,067 INFO o.a.j.t.JMeterThread: Thread finished: JmeterFile 1-51
2021-08-25 15:00:53,068 INFO o.a.j.t.JMeterThread: Thread is done: JmeterFile 1-45
2021-08-25 15:00:53,068 INFO o.a.j.t.JMeterThread: Thread finished: JmeterFile 1-45
2021-08-25 15:00:53,097 INFO o.a.j.t.JMeterThread: Thread is done: JmeterFile 1-55
2021-08-25 15:00:53,098 INFO o.a.j.t.JMeterThread: Thread finished: JmeterFile 1-55
2021-08-25 15:00:53,132 INFO o.a.j.t.JMeterThread: Thread is done: JmeterFile 1-44
2021-08-25 15:00:53,132 INFO o.a.j.t.JMeterThread: Thread is done: JmeterFile 1-47
2021-08-25 15:00:53,132 INFO o.a.j.t.JMeterThread: Thread finished: JmeterFile 1-44
2021-08-25 15:00:53,132 INFO o.a.j.t.JMeterThread: Thread finished: JmeterFile 1-47
2021-08-25 15:00:53,139 INFO o.a.j.t.JMeterThread: Thread is done: JmeterFile 1-48
2021-08-25 15:00:53,140 INFO o.a.j.t.JMeterThread: Thread finished: JmeterFile 1-48
2021-08-25 15:00:53,158 INFO o.a.j.t.JMeterThread: Thread is done: JmeterFile 1-53
2021-08-25 15:00:53,158 INFO o.a.j.t.JMeterThread: Thread finished: JmeterFile 1-53
2021-08-25 15:00:53,161 INFO o.a.j.t.JMeterThread: Thread is done: JmeterFile 1-49
2021-08-25 15:00:53,161 INFO o.a.j.t.JMeterThread: Thread finished: JmeterFile 1-49
2021-08-25 15:00:53,186 INFO o.a.j.t.JMeterThread: Thread is done: JmeterFile 1-57
2021-08-25 15:00:53,186 INFO o.a.j.t.JMeterThread: Thread finished: JmeterFile 1-57
2021-08-25 15:00:53,196 INFO o.a.j.t.JMeterThread: Thread is done: JmeterFile 1-61
2021-08-25 15:00:53,196 INFO o.a.j.t.JMeterThread: Thread finished: JmeterFile 1-61
2021-08-25 15:00:53,253 INFO o.a.j.t.JMeterThread: Thread is done: JmeterFile 1-42
2021-08-25 15:00:53,253 INFO o.a.j.t.JMeterThread: Thread finished: JmeterFile 1-42
2021-08-25 15:00:53,302 INFO o.a.j.t.JMeterThread: Thread is done: JmeterFile 1-56
2021-08-25 15:00:53,303 INFO o.a.j.t.JMeterThread: Thread finished: JmeterFile 1-56
2021-08-25 15:00:53,314 INFO o.a.j.t.JMeterThread: Thread is done: JmeterFile 1-60
2021-08-25 15:00:53,315 INFO o.a.j.t.JMeterThread: Thread finished: JmeterFile 1-60
2021-08-25 15:00:53,335 INFO o.a.j.t.JMeterThread: Thread is done: JmeterFile 1-54
2021-08-25 15:00:53,335 INFO o.a.j.t.JMeterThread: Thread finished: JmeterFile 1-54
2021-08-25 15:00:53,342 INFO o.a.j.t.JMeterThread: Thread is done: JmeterFile 1-41
2021-08-25 15:00:53,342 INFO o.a.j.t.JMeterThread: Thread finished: JmeterFile 1-41
2021-08-25 15:00:53,342 INFO o.a.j.t.JMeterThread: Thread is done: JmeterFile 1-71
2021-08-25 15:00:53,343 INFO o.a.j.t.JMeterThread: Thread finished: JmeterFile 1-71
2021-08-25 15:00:53,353 INFO o.a.j.t.JMeterThread: Thread is done: JmeterFile 1-58
2021-08-25 15:00:53,353 INFO o.a.j.t.JMeterThread: Thread finished: JmeterFile 1-58
2021-08-25 15:00:53,394 INFO o.a.j.t.JMeterThread: Thread is done: JmeterFile 1-65
2021-08-25 15:00:53,394 INFO o.a.j.t.JMeterThread: Thread finished: JmeterFile 1-65
2021-08-25 15:00:53,394 INFO o.a.j.t.JMeterThread: Thread is done: JmeterFile 1-66
2021-08-25 15:00:53,394 INFO o.a.j.t.JMeterThread: Thread finished: JmeterFile 1-66
2021-08-25 15:00:53,396 INFO o.a.j.t.JMeterThread: Thread is done: JmeterFile 1-52
2021-08-25 15:00:53,396 INFO o.a.j.t.JMeterThread: Thread finished: JmeterFile 1-52
2021-08-25 15:00:53,405 INFO o.a.j.t.JMeterThread: Thread is done: JmeterFile 1-64
2021-08-25 15:00:53,405 INFO o.a.j.t.JMeterThread: Thread finished: JmeterFile 1-64
2021-08-25 15:00:53,420 INFO o.a.j.t.JMeterThread: Thread is done: JmeterFile 1-63
2021-08-25 15:00:53,420 INFO o.a.j.t.JMeterThread: Thread finished: JmeterFile 1-63
2021-08-25 15:00:53,478 INFO o.a.j.t.JMeterThread: Thread is done: JmeterFile 1-67
2021-08-25 15:00:53,478 INFO o.a.j.t.JMeterThread: Thread finished: JmeterFile 1-67
2021-08-25 15:00:53,478 INFO o.a.j.t.JMeterThread: Thread is done: JmeterFile 1-70
2021-08-25 15:00:53,479 INFO o.a.j.t.JMeterThread: Thread finished: JmeterFile 1-70
2021-08-25 15:00:53,499 INFO o.a.j.t.JMeterThread: Thread is done: JmeterFile 1-69
2021-08-25 15:00:53,500 INFO o.a.j.t.JMeterThread: Thread finished: JmeterFile 1-69
2021-08-25 15:00:53,501 INFO o.a.j.t.JMeterThread: Thread is done: JmeterFile 1-59
2021-08-25 15:00:53,501 INFO o.a.j.t.JMeterThread: Thread finished: JmeterFile 1-59
2021-08-25 15:00:53,517 INFO o.a.j.t.JMeterThread: Thread is done: JmeterFile 1-68
2021-08-25 15:00:53,517 INFO o.a.j.t.JMeterThread: Thread finished: JmeterFile 1-68
2021-08-25 15:00:53,523 INFO o.a.j.t.JMeterThread: Thread is done: JmeterFile 1-77
2021-08-25 15:00:53,523 INFO o.a.j.t.JMeterThread: Thread finished: JmeterFile 1-77
2021-08-25 15:00:53,533 INFO o.a.j.t.JMeterThread: Thread is done: JmeterFile 1-76
2021-08-25 15:00:53,533 INFO o.a.j.t.JMeterThread: Thread finished: JmeterFile 1-76
2021-08-25 15:00:53,535 INFO o.a.j.t.JMeterThread: Thread is done: JmeterFile 1-62
2021-08-25 15:00:53,535 INFO o.a.j.t.JMeterThread: Thread finished: JmeterFile 1-62
2021-08-25 15:00:53,562 INFO o.a.j.t.JMeterThread: Thread is done: JmeterFile 1-73
2021-08-25 15:00:53,562 INFO o.a.j.t.JMeterThread: Thread finished: JmeterFile 1-73
2021-08-25 15:00:53,575 INFO o.a.j.t.JMeterThread: Thread is done: JmeterFile 1-75
2021-08-25 15:00:53,575 INFO o.a.j.t.JMeterThread: Thread finished: JmeterFile 1-75
2021-08-25 15:00:53,604 INFO o.a.j.t.JMeterThread: Thread is done: JmeterFile 1-81
2021-08-25 15:00:53,604 INFO o.a.j.t.JMeterThread: Thread finished: JmeterFile 1-81
2021-08-25 15:00:53,635 INFO o.a.j.t.JMeterThread: Thread is done: JmeterFile 1-72
2021-08-25 15:00:53,635 INFO o.a.j.t.JMeterThread: Thread finished: JmeterFile 1-72
2021-08-25 15:00:53,647 INFO o.a.j.t.JMeterThread: Thread is done: JmeterFile 1-78
2021-08-25 15:00:53,647 INFO o.a.j.t.JMeterThread: Thread finished: JmeterFile 1-78
2021-08-25 15:00:53,651 INFO o.a.j.t.JMeterThread: Thread is done: JmeterFile 1-83
2021-08-25 15:00:53,651 INFO o.a.j.t.JMeterThread: Thread finished: JmeterFile 1-83
2021-08-25 15:00:53,660 INFO o.a.j.t.JMeterThread: Thread is done: JmeterFile 1-80
2021-08-25 15:00:53,660 INFO o.a.j.t.JMeterThread: Thread finished: JmeterFile 1-80
2021-08-25 15:00:53,740 INFO o.a.j.t.JMeterThread: Thread is done: JmeterFile 1-79
2021-08-25 15:00:53,740 INFO o.a.j.t.JMeterThread: Thread finished: JmeterFile 1-79
2021-08-25 15:00:53,757 INFO o.a.j.t.JMeterThread: Thread is done: JmeterFile 1-74
2021-08-25 15:00:53,757 INFO o.a.j.t.JMeterThread: Thread finished: JmeterFile 1-74
2021-08-25 15:00:53,758 INFO o.a.j.t.JMeterThread: Thread is done: JmeterFile 1-84
2021-08-25 15:00:53,759 INFO o.a.j.t.JMeterThread: Thread finished: JmeterFile 1-84
2021-08-25 15:00:53,773 INFO o.a.j.t.JMeterThread: Thread is done: JmeterFile 1-88
2021-08-25 15:00:53,773 INFO o.a.j.t.JMeterThread: Thread finished: JmeterFile 1-88
2021-08-25 15:00:53,796 INFO o.a.j.t.JMeterThread: Thread is done: JmeterFile 1-90
2021-08-25 15:00:53,796 INFO o.a.j.t.JMeterThread: Thread finished: JmeterFile 1-90
2021-08-25 15:00:53,812 INFO o.a.j.t.JMeterThread: Thread is done: JmeterFile 1-86
2021-08-25 15:00:53,812 INFO o.a.j.t.JMeterThread: Thread finished: JmeterFile 1-86
2021-08-25 15:00:53,827 INFO o.a.j.t.JMeterThread: Thread is done: JmeterFile 1-93
2021-08-25 15:00:53,827 INFO o.a.j.t.JMeterThread: Thread finished: JmeterFile 1-93
2021-08-25 15:00:53,836 INFO o.a.j.t.JMeterThread: Thread is done: JmeterFile 1-85
2021-08-25 15:00:53,836 INFO o.a.j.t.JMeterThread: Thread finished: JmeterFile 1-85
2021-08-25 15:00:53,862 INFO o.a.j.t.JMeterThread: Thread is done: JmeterFile 1-82
2021-08-25 15:00:53,863 INFO o.a.j.t.JMeterThread: Thread finished: JmeterFile 1-82
2021-08-25 15:00:53,892 INFO o.a.j.t.JMeterThread: Thread is done: JmeterFile 1-94
2021-08-25 15:00:53,893 INFO o.a.j.t.JMeterThread: Thread finished: JmeterFile 1-94
2021-08-25 15:00:53,907 INFO o.a.j.t.JMeterThread: Thread is done: JmeterFile 1-95
2021-08-25 15:00:53,907 INFO o.a.j.t.JMeterThread: Thread finished: JmeterFile 1-95
2021-08-25 15:00:53,921 INFO o.a.j.t.JMeterThread: Thread is done: JmeterFile 1-87
2021-08-25 15:00:53,922 INFO o.a.j.t.JMeterThread: Thread finished: JmeterFile 1-87
2021-08-25 15:00:53,925 INFO o.a.j.t.JMeterThread: Thread is done: JmeterFile 1-91
2021-08-25 15:00:53,925 INFO o.a.j.t.JMeterThread: Thread finished: JmeterFile 1-91
2021-08-25 15:00:53,929 INFO o.a.j.t.JMeterThread: Thread is done: JmeterFile 1-89
2021-08-25 15:00:53,929 INFO o.a.j.t.JMeterThread: Thread is done: JmeterFile 1-96
2021-08-25 15:00:53,929 INFO o.a.j.t.JMeterThread: Thread finished: JmeterFile 1-96
2021-08-25 15:00:53,929 INFO o.a.j.t.JMeterThread: Thread finished: JmeterFile 1-89
2021-08-25 15:00:53,965 INFO o.a.j.t.JMeterThread: Thread is done: JmeterFile 1-99
2021-08-25 15:00:53,966 INFO o.a.j.t.JMeterThread: Thread finished: JmeterFile 1-99
2021-08-25 15:00:53,983 INFO o.a.j.t.JMeterThread: Thread is done: JmeterFile 1-98
2021-08-25 15:00:53,983 INFO o.a.j.t.JMeterThread: Thread finished: JmeterFile 1-98
2021-08-25 15:00:53,992 INFO o.a.j.t.JMeterThread: Thread is done: JmeterFile 1-92
2021-08-25 15:00:53,992 INFO o.a.j.t.JMeterThread: Thread is done: JmeterFile 1-100
2021-08-25 15:00:53,992 INFO o.a.j.t.JMeterThread: Thread finished: JmeterFile 1-92
2021-08-25 15:00:53,992 INFO o.a.j.t.JMeterThread: Thread finished: JmeterFile 1-100
2021-08-25 15:00:53,995 INFO o.a.j.t.JMeterThread: Thread is done: JmeterFile 1-97
2021-08-25 15:00:53,995 INFO o.a.j.t.JMeterThread: Thread finished: JmeterFile 1-97
2021-08-25 15:00:53,996 INFO o.a.j.e.StandardJMeterEngine: Notifying test listeners of end of test
2021-08-25 15:00:53,996 INFO o.a.j.g.u.JMeterMenuBar: setRunning(false, *local*)
